<?xml version="1.0" encoding="UTF-8"?>
<robot generated="20171214 13:27:12.958" generator="Robot 3.0.2 (Python 2.7.13 on win32)">
<suite source="D:\workstation\Automation\AutomatonLearning\test\demo\runcase\testcases\select_category.robot" id="s1" name="Select Category">
<test id="s1-t1" name="select two items into cart then check if the properties are correct">
<kw name="Get Data From File" library="demo.workflow.BaseWorkFlow">
<arguments>
<arg>different_items.yaml</arg>
</arguments>
<status status="PASS" endtime="20171214 13:27:17.860" starttime="20171214 13:27:17.844"></status>
</kw>
<kw name="Open Url" library="demo.workflow.BaseWorkFlow">
<msg timestamp="20171214 13:32:29.022" level="FAIL">TimeoutException: Message: timeout
  (Session info: chrome=63.0.3239.84)
  (Driver info: chromedriver=2.33.506120 (e3e53437346286c0bc2d2dc9aa4915ba81d9023f),platform=Windows NT 6.1.7601 SP1 x86_64)
</msg>
<status status="FAIL" endtime="20171214 13:32:29.022" starttime="20171214 13:27:17.860"></status>
</kw>
<doc>select women type from navigation bar</doc>
<tags>
<tag>homepage</tag>
</tags>
<status status="FAIL" endtime="20171214 13:32:29.024" critical="yes" starttime="20171214 13:27:17.844">TimeoutException: Message: timeout
  (Session info: chrome=63.0.3239.84)
  (Driver info: chromedriver=2.33.506120 (e3e53437346286c0bc2d2dc9aa4915ba81d9023f),platform=Windows NT 6.1.7601 SP1 x86_64)
</status>
</test>
<status status="FAIL" endtime="20171214 13:32:29.030" starttime="20171214 13:27:12.974"></status>
</suite>
<statistics>
<total>
<stat fail="1" pass="0">Critical Tests</stat>
<stat fail="1" pass="0">All Tests</stat>
</total>
<tag>
<stat fail="1" pass="0">homepage</stat>
</tag>
<suite>
<stat fail="1" id="s1" name="Select Category" pass="0">Select Category</stat>
</suite>
</statistics>
<errors>
</errors>
</robot>
